"File: UART.c        Assembler  Version HGASM0202      Page 1


   1  0000              ; Generated by holtek-gcc v3.19, Wed Nov 08 14:06:56 2023
   2  0000              ; 
   3  0000              ; Configuration:
   4  0000              ;       with long instruction
   5  0000              ;       Multi-ROM, Multi-RAM
   6  0000              ;       bits_per_rom_unit:16
   7  0000              ;       with mp1
   8  0000              ;       with tbhp, address(0x9)
   9  0000              ;          Use tabrd-const
  10  0000              ;       
  11  0000              ; SFR address of long-instruction arch:
  12  0000              ;    mp0 = -1,1,0
  13  0000              ;    mp1 = 4,3,2
  14  0000              ;    mp2 = 14,13,12
  15  0000              ;    tbp = 9,7,8
  16  0000              ;    acc = 5
  17  0000              ;    pcl = 6
  18  0000              ;    status = 10
  19  0000              ;    bp = 11
  20  0000              ;    intc = 16
  21  0000              ;       
  22  0000              ;       
  23  0000              ; use 'tabrdc' instead of 'tabrd'
  24  0000              ;       
  25  0000              
  26  0000              #pragma translator "holtek-gcc 4.6.4" "3.19" "build 20130711"
  27  0000              ; Rebuild 718
  28  0000              
  29  0000              ir equ [2]
  30  0000              mp equ [3]
  31  0000              sbp equ [4]
  32  0000              acc equ [5]
  33  0000              bp equ [11]
  34  0000              tblp equ [7]
  35  0000              tbhp equ [9]
  36  0000              status equ [10]
  37  0000              c equ [10].0
  38  0000              ac equ [10].1
  39  0000              z equ [10].2
  40  0000              ov equ [10].3
  41  0000              cz equ [10].6
  42  0000              sc equ [10].7
  43  0000              intc equ [16]
  44  0000              mduwr0 equ [59h]
  45  0000              mduwr1 equ [5ah]
  46  0000              mduwr2 equ [5bh]
  47  0000              mduwr3 equ [5ch]
  48  0000              mduwr4 equ [5dh]
  49  0000              mduwr5 equ [5eh]
  50  0000              mduwrctrl equ [5fh]
  51  0000              
  52  0000              extern ra:byte
  53  0000              extern rb:byte
  54  0000              extern rc:byte
  55  0000              extern rd:byte
  56  0000              extern re:byte
  57  0000              extern rf:byte
  58  0000              extern rg:byte
  59  0000              extern rh:byte
"File: UART.ASM      Assembler  Version HGASM0202      Page 2

  60  0000              extern _Crom2Prom:near
  61  0000              extern _Crom2PromNext:near
  62  0000              
  63  0000              RAMBANK 0 @BITDATASEC, @BITDATASEC1
  64  0000              @HCCINIT	.section 'data'
  65  0000              @HCCINIT0	.section 'data'
  66  0000              @BITDATASEC	 .section 'data'
  67  0000              @BITDATASEC1	 .section 'data'
  68  0000              
  69  0000              #pragma debug scope 1 1
  70  0000              	extern __DELAY3:near
  71  0000              	extern __DELAYX3:near
  72  0000              	extern __DELAYX6:near
  73  0000              	extern __DELAYY5:near
  74  0000              	extern __DELAYY3:near
  75  0000              	extern _builtin_holtek_delay_2:byte
  76  0000              public _Delayms
  77  0000              #pragma debug scope 2 1

  36  0000              #line 36 "c:\users\icetz\onedrive\文件\htk_project\uart\UART.c"
  36  0000              _Delayms .section 'code'
  36  0000              _Delayms proc
  36  0000              public _Delayms_2
  36  0000  0002[           local _Delayms_2 db 2 dup(?)	; 2,0
            00
            ]
  36  0002              #pragma debug variable 10 2 _Delayms_2+0 "del"
  37  0002              #line 37 "c:\users\icetz\onedrive\文件\htk_project\uart\UART.c"
  37  0000  1F00     E  	clr rb
  37  0001  1F00     E  	clr rc
  37  0002  2800     R  	jmp _L2
  37  0003              _L3:
  37  0003              #line 37 "c:\users\icetz\onedrive\文件\htk_project\uart\UART.c"
  37  0003              ;# 37 "c:\users\icetz\onedrive\文件\htk_project\uart\UART.c" 1
  37  0003              	IF 2000>263690
  37  0003              ;# 37 "c:\users\icetz\onedrive\文件\htk_project\uart\UART.c" 1
  37  0003              	ERRMESSAGE 'the value 2000of the argument exceeds the maxinum 263690'
  37  0003              	ENDIF
  37  0003              ;# 37 "c:\users\icetz\onedrive\文件\htk_project\uart\UART.c" 1
  37  0003              	IF 2000<0
  37  0003              ;# 37 "c:\users\icetz\onedrive\文件\htk_project\uart\UART.c" 1
  37  0003              	ERRMESSAGE 'the value 2000 of the argument exceeds the mininum 0'
  37  0003              	ENDIF
  37  0003              ;# 37 "c:\users\icetz\onedrive\文件\htk_project\uart\UART.c" 1
  37  0003              	IF 2000==0
  37  0003              ;# 37 "c:\users\icetz\onedrive\文件\htk_project\uart\UART.c" 1
  37  0003              	JMP $
  37  0003              	ENDIF
  37  0003              ;# 37 "c:\users\icetz\onedrive\文件\htk_project\uart\UART.c" 1
  37  0003              	IF (2000>=1) AND (2000<( 4 + __PBP__ * 2))
  37  0003              ;# 37 "c:\users\icetz\onedrive\文件\htk_project\uart\UART.c" 1
  37  0003              	NOP
  37  0003              	ENDIF
  37  0003              ;# 37 "c:\users\icetz\onedrive\文件\htk_project\uart\UART.c" 1
  37  0003              	IF (2000>=2) AND (2000<( 4 + __PBP__ * 2))
  37  0003              ;# 37 "c:\users\icetz\onedrive\文件\htk_project\uart\UART.c" 1
  37  0003              	NOP
  37  0003              	ENDIF
  37  0003              ;# 37 "c:\users\icetz\onedrive\文件\htk_project\uart\UART.c" 1
  37  0003              	IF (2000>=3) AND (2000<( 4 + __PBP__ * 2))
"File: UART.c        Assembler  Version HGASM0202      Page 3

  37  0003              ;# 37 "c:\users\icetz\onedrive\文件\htk_project\uart\UART.c" 1
  37  0003              	NOP
  37  0003              	ENDIF
  37  0003              ;# 37 "c:\users\icetz\onedrive\文件\htk_project\uart\UART.c" 1
  37  0003              	IF (2000>=4) AND (2000<( 4 + __PBP__ * 2)) AND ( __PBP__ > 0 )
  37  0003              ;# 37 "c:\users\icetz\onedrive\文件\htk_project\uart\UART.c" 1
  37  0003              	NOP
  37  0003              	ENDIF
  37  0003              ;# 37 "c:\users\icetz\onedrive\文件\htk_project\uart\UART.c" 1
  37  0003              	IF (2000>=5) AND (2000<( 4 + __PBP__ * 2)) AND ( __PBP__ > 0 )
  37  0003              ;# 37 "c:\users\icetz\onedrive\文件\htk_project\uart\UART.c" 1
  37  0003              	NOP
  37  0003              	ENDIF
  37  0003              ;# 37 "c:\users\icetz\onedrive\文件\htk_project\uart\UART.c" 1
  37  0003              	IF (2000>=6) AND (2000<( 4 + __PBP__ * 2))  AND ( __PBP__ > 1 )
  37  0003              ;# 37 "c:\users\icetz\onedrive\文件\htk_project\uart\UART.c" 1
  37  0003              	NOP
  37  0003              	ENDIF
  37  0003              ;# 37 "c:\users\icetz\onedrive\文件\htk_project\uart\UART.c" 1
  37  0003              	IF (2000>=7) AND (2000<( 4 + __PBP__ * 2))  AND ( __PBP__ > 1 )
  37  0003              ;# 37 "c:\users\icetz\onedrive\文件\htk_project\uart\UART.c" 1
  37  0003              	NOP
  37  0003              	ENDIF
  37  0003              ;# 37 "c:\users\icetz\onedrive\文件\htk_project\uart\UART.c" 1
  37  0003              	IF (2000>=8) AND (2000<( 4 + __PBP__ * 2))  AND ( __PBP__ > 2 )
  37  0003              ;# 37 "c:\users\icetz\onedrive\文件\htk_project\uart\UART.c" 1
  37  0003              	NOP
  37  0003              	ENDIF
  37  0003              ;# 37 "c:\users\icetz\onedrive\文件\htk_project\uart\UART.c" 1
  37  0003              	IF (2000==9)  AND ( __PBP__ > 2 )
  37  0003              ;# 37 "c:\users\icetz\onedrive\文件\htk_project\uart\UART.c" 1
  37  0003              	NOP
  37  0003              	ENDIF
  37  0003              ;# 37 "c:\users\icetz\onedrive\文件\htk_project\uart\UART.c" 1
  37  0003              	IF (2000< ( 8 + __PBP__ * 2)) AND (2000>( 3 + __PBP__ * 2))
  37  0003              ;# 37 "c:\users\icetz\onedrive\文件\htk_project\uart\UART.c" 1
  37  0003              	fcall __DELAY3 + ( 7 + __PBP__ * 2) -2000
  37  0003              	ENDIF
  37  0003              ;# 37 "c:\users\icetz\onedrive\文件\htk_project\uart\UART.c" 1
  37  0003              	IF (2000< ( 0404h + __PBP__ * 2)) AND (2000>( 7 + __PBP__ * 2))
  37  0003              ;# 37 "c:\users\icetz\onedrive\文件\htk_project\uart\UART.c" 1
  37  0003              	MOV A,(2000-( 4 + __PBP__ * 2))/4
  37  0003              ;# 37 "c:\users\icetz\onedrive\文件\htk_project\uart\UART.c" 1
  37  0003              	fcall __DELAYX3 + 3 -((2000-( 4 + __PBP__ * 2)) MOD 4) 
  37  0003              	ENDIF
  37  0003              ;# 37 "c:\users\icetz\onedrive\文件\htk_project\uart\UART.c" 1
  37  0003              	IF (2000< ( 040bh + __PBP__ * 2)) AND (2000> ( 0403h + __PBP__ * 2))
  37  0003              ;# 37 "c:\users\icetz\onedrive\文件\htk_project\uart\UART.c" 1
  37  0003              	MOV A,0 
  37  0003              ;# 37 "c:\users\icetz\onedrive\文件\htk_project\uart\UART.c" 1
  37  0003              	fcall __DELAYX6 + ( 040ah + __PBP__ * 2) -2000
  37  0003              	ENDIF
  37  0003              ;# 37 "c:\users\icetz\onedrive\文件\htk_project\uart\UART.c" 1
  37  0003              	IF (2000 >= ( 040bh + __PBP__ * 2)) AND ((((2000-( 9 + __PBP__ * 2))%0402h)/4+1)>256)
  37  0003              ;# 37 "c:\users\icetz\onedrive\文件\htk_project\uart\UART.c" 1
  37  0003              	MOV A,(2000-( 9 + __PBP__ * 2))/0402h
  37  0003              ;# 37 "c:\users\icetz\onedrive\文件\htk_project\uart\UART.c" 1
  37  0003              	MOV _builtin_holtek_delay_2,A
  37  0003              ;# 37 "c:\users\icetz\onedrive\文件\htk_project\uart\UART.c" 1
  37  0003              	MOV A,0
"File: UART.c        Assembler  Version HGASM0202      Page 4

  37  0003              ;# 37 "c:\users\icetz\onedrive\文件\htk_project\uart\UART.c" 1
  37  0003              	fcall __DELAYY5 +5- (((2000-( 9 + __PBP__ * 2))%0402h)%6) 
  37  0003              	ENDIF
  37  0003              ;# 37 "c:\users\icetz\onedrive\文件\htk_project\uart\UART.c" 1
  37  0003              	IF (2000 >= ( 040bh + __PBP__ * 2)) AND ((((2000-( 9 + __PBP__ * 2))%0402h)/4+1)<=256)
  37  0003              ;# 37 "c:\users\icetz\onedrive\文件\htk_project\uart\UART.c" 1
  37  0003  0F01        	MOV A,(2000-( 9 + __PBP__ * 2))/0402h
  37  0004              ;# 37 "c:\users\icetz\onedrive\文件\htk_project\uart\UART.c" 1
  37  0004  0080     E  	MOV _builtin_holtek_delay_2,A
  37  0005              ;# 37 "c:\users\icetz\onedrive\文件\htk_project\uart\UART.c" 1
  37  0005  0FF0        	MOV A,((2000-( 9 + __PBP__ * 2))%0402h)/4+1
  37  0006              ;# 37 "c:\users\icetz\onedrive\文件\htk_project\uart\UART.c" 1
  37  0006              	fcall __DELAYY3 +3-(((2000-( 9 + __PBP__ * 2))%0402h)%4) 
  37  000D              	ENDIF
  37  000D  1480     E  	inc rb
  37  000E  3D0A        	sz z
  37  000F  1480     E  	inc rc
  37  0010              _L2:
  37  0010  0700     E  	mov a,rb
  37  0011  0200     R  	sub a,_Delayms_2[0]
  37  0012  0700     E  	mov a,rc
  37  0013  1200     R  	sbc a,_Delayms_2[1]
  37  0014  3B0A        	snz cz
  37  0015  2800     R  	jmp _L3
  37  0016  0003        	ret
  37  0017              _Delayms endp
  37  0017              #line 37 "c:\users\icetz\onedrive\文件\htk_project\uart\UART.c"
  37  0017              #pragma debug scope 1 1
  37  0017              ___txr_rxr0 equ [275]
  37  0017              ___u0sr equ [272]
  37  0017              public _send_char
  37  0017              #pragma debug scope 3 1
  43  0017              #line 43 "c:\users\icetz\onedrive\文件\htk_project\uart\UART.c"
  43  0000              _send_char .section 'code'
  43  0000              _send_char proc
  43  0000  00              local _send_char_2 db 1 dup(?)	; 0,1
  43  0000  0080     E  	mov ra,a
  43  0001  0080     R  	mov _send_char_2[0],a
  43  0002              #pragma debug variable 7 3 _send_char_2+0 "s"
  44  0002              #line 44 "c:\users\icetz\onedrive\文件\htk_project\uart\UART.c"
  44  0002  0700     E  	mov a,ra
  44  0003  8093 0001   	lmov [275],a
  44  0005              _L7:
  45  0005              #line 45 "c:\users\icetz\onedrive\文件\htk_project\uart\UART.c"
  45  0005  B810 0001   	lsnz [272].0
  45  0007  2800     R  	jmp _L7
  45  0008  0003        	ret
  45  0009              _send_char endp
  45  0009              #line 45 "c:\users\icetz\onedrive\文件\htk_project\uart\UART.c"
  45  0009              #pragma debug scope 1 1
  45  0009              public _send_buff
  45  0009              #pragma debug scope 4 1
  49  0009              #line 49 "c:\users\icetz\onedrive\文件\htk_project\uart\UART.c"
  49  0000              _send_buff .section 'code'
  49  0000              _send_buff proc
  49  0000              public _send_buff_2
  49  0000  0002[           local _send_buff_2 db 2 dup(?)	; 2,0
            00
            ]
  49  0002              #pragma debug pointer 42 7 4
"File: UART.c        Assembler  Version HGASM0202      Page 5

  49  0002              #pragma debug pointer 42 7 4
  49  0002              #pragma debug variable 42 4 _send_buff_2+0 "s"
  50  0002              #line 50 "c:\users\icetz\onedrive\文件\htk_project\uart\UART.c"
  50  0000  2800     R  	jmp _L9
  50  0001              _L10:
  52  0001              #line 52 "c:\users\icetz\onedrive\文件\htk_project\uart\UART.c"
  52  0001  0700     E  	mov a,ra
  52  0002              	fcall _send_char
  53  0009              #line 53 "c:\users\icetz\onedrive\文件\htk_project\uart\UART.c"
  53  0009  1480     R  	inc _send_buff_2[0]
  53  000A  3D0A        	sz z
  53  000B  1480     R  	inc _send_buff_2[1]
  53  000C              _L9:
  50  000C              #line 50 "c:\users\icetz\onedrive\文件\htk_project\uart\UART.c"
  50  000C  0700     R  	mov a,_send_buff_2[0]
  50  000D  0083        	mov mp,a
  50  000E  0700     R  	mov a,_send_buff_2[1]
  50  000F  0084        	mov sbp,a
  50  0010              	fcall _Crom2Prom
  50  0017  0080     E  	mov ra,a
  50  0018  1080     E  	sz ra
  50  0019  2800     R  	jmp _L10
  50  001A  0003        	ret
  50  001B              _send_buff endp
  50  001B              #line 50 "c:\users\icetz\onedrive\文件\htk_project\uart\UART.c"
  50  001B              #pragma debug scope 1 1
  50  001B              ___pds0 equ [339]
  50  001B              ___pds1 equ [340]
  50  001B              ___stm1al equ [310]
  50  001B              ___stm1ah equ [311]
  50  001B              ___stm1rp equ [312]
  50  001B              ___stm1c0 equ [306]
  50  001B              ___stm1c1 equ [307]
  50  001B              ___ptm2al equ [294]
  50  001B              ___ptm2ah equ [295]
  50  001B              ___ptm2rpl equ [296]
  50  001B              ___ptm2rph equ [297]
  50  001B              ___ptm2c0 equ [290]
  50  001B              ___ptm2c1 equ [291]
  50  001B              ___ptm3al equ [302]
  50  001B              ___ptm3ah equ [303]
  50  001B              ___ptm3rpl equ [304]
  50  001B              ___ptm3rph equ [305]
  50  001B              ___ptm3c0 equ [298]
  50  001B              ___ptm3c1 equ [299]
  50  001B              public _initpwm
  50  001B              #pragma debug scope 5 1
  57  001B              #line 57 "c:\users\icetz\onedrive\文件\htk_project\uart\UART.c"
  57  0000              _initpwm .section 'code'
  57  0000              _initpwm proc
  58  0000              #line 58 "c:\users\icetz\onedrive\文件\htk_project\uart\UART.c"
  58  0000  0F12        	mov a,18
  58  0001  80D3 0001   	lmov [339],a
  58  0003  0F02        	mov a,2
  58  0004  80D4 0001   	lmov [340],a
  59  0006              #line 59 "c:\users\icetz\onedrive\文件\htk_project\uart\UART.c"
  59  0006  9F36 0001   	lclr [310]
  59  0008  9F37 0001   	lclr [311]
  60  000A              #line 60 "c:\users\icetz\onedrive\文件\htk_project\uart\UART.c"
  60  000A  9F38 0001   	lclr [312]
"File: UART.c        Assembler  Version HGASM0202      Page 6

  61  000C              #line 61 "c:\users\icetz\onedrive\文件\htk_project\uart\UART.c"
  61  000C  0F18        	mov a,24
  61  000D  80B2 0001   	lmov [306],a
  62  000F              #line 62 "c:\users\icetz\onedrive\文件\htk_project\uart\UART.c"
  62  000F  0FA8        	mov a,168
  62  0010  80B3 0001   	lmov [307],a
  64  0012              #line 64 "c:\users\icetz\onedrive\文件\htk_project\uart\UART.c"
  64  0012  9F26 0001   	lclr [294]
  64  0014  9F27 0001   	lclr [295]
  65  0016              #line 65 "c:\users\icetz\onedrive\文件\htk_project\uart\UART.c"
  65  0016  9F28 0001   	lclr [296]
  65  0018  0F04        	mov a,4
  65  0019  80A9 0001   	lmov [297],a
  66  001B              #line 66 "c:\users\icetz\onedrive\文件\htk_project\uart\UART.c"
  66  001B  0F18        	mov a,24
  66  001C  80A2 0001   	lmov [290],a
  67  001E              #line 67 "c:\users\icetz\onedrive\文件\htk_project\uart\UART.c"
  67  001E  0FA8        	mov a,168
  67  001F  80A3 0001   	lmov [291],a
  69  0021              #line 69 "c:\users\icetz\onedrive\文件\htk_project\uart\UART.c"
  69  0021  9F2E 0001   	lclr [302]
  69  0023  9F2F 0001   	lclr [303]
  70  0025              #line 70 "c:\users\icetz\onedrive\文件\htk_project\uart\UART.c"
  70  0025  9F30 0001   	lclr [304]
  70  0027  0F04        	mov a,4
  70  0028  80B1 0001   	lmov [305],a
  71  002A              #line 71 "c:\users\icetz\onedrive\文件\htk_project\uart\UART.c"
  71  002A  0F18        	mov a,24
  71  002B  80AA 0001   	lmov [298],a
  72  002D              #line 72 "c:\users\icetz\onedrive\文件\htk_project\uart\UART.c"
  72  002D  0FA8        	mov a,168
  72  002E  80AB 0001   	lmov [299],a
  72  0030  0003        	ret
  72  0031              _initpwm endp
  72  0031              #line 72 "c:\users\icetz\onedrive\文件\htk_project\uart\UART.c"
  72  0031              #pragma debug scope 1 1
  72  0031              ___wdtc equ [62]
  72  0031              ___pas1 equ [334]
  72  0031              ___u0cr1 equ [273]
  72  0031              ___u0cr2 equ [274]
  72  0031              ___brg0 equ [276]
  72  0031              ___mfi5 equ [56]
  72  0031              ___intc3 equ [19]
  72  0031              ___intc0 equ [16]
  72  0031              public _inituart
  72  0031              #pragma debug scope 6 1
  75  0031              #line 75 "c:\users\icetz\onedrive\文件\htk_project\uart\UART.c"
  75  0000              _inituart .section 'code'
  75  0000              _inituart proc
  76  0000              #line 76 "c:\users\icetz\onedrive\文件\htk_project\uart\UART.c"
  76  0000  0FAF        	mov a,175
  76  0001  00BE        	mov [62],a
  77  0002              #line 77 "c:\users\icetz\onedrive\文件\htk_project\uart\UART.c"
  77  0002  0FC0        	mov a,192
  77  0003  80CE 0001   	lmov [334],a
  78  0005              #line 78 "c:\users\icetz\onedrive\文件\htk_project\uart\UART.c"
  78  0005  0F80        	mov a,128
  78  0006  8091 0001   	lmov [273],a
  79  0008              #line 79 "c:\users\icetz\onedrive\文件\htk_project\uart\UART.c"
  79  0008  0FE4        	mov a,228
"File: UART.c        Assembler  Version HGASM0202      Page 7

  79  0009  8092 0001   	lmov [274],a
  80  000B              #line 80 "c:\users\icetz\onedrive\文件\htk_project\uart\UART.c"
  80  000B  0F19        	mov a,25
  80  000C  8094 0001   	lmov [276],a
  81  000E              #line 81 "c:\users\icetz\onedrive\文件\htk_project\uart\UART.c"
  81  000E  3038        	set [56].0
  82  000F              #line 82 "c:\users\icetz\onedrive\文件\htk_project\uart\UART.c"
  82  000F  3193        	set [19].3
  83  0010              #line 83 "c:\users\icetz\onedrive\文件\htk_project\uart\UART.c"
  83  0010  3010        	set [16].0
  83  0011  0003        	ret
  83  0012              _inituart endp
  83  0012              #line 83 "c:\users\icetz\onedrive\文件\htk_project\uart\UART.c"
  83  0012              #pragma debug scope 1 1
  83  0012              ___papu equ [22]
  83  0012              ___integ equ [57]
  83  0012              public _initInt
  83  0012              #pragma debug scope 7 1
  87  0012              #line 87 "c:\users\icetz\onedrive\文件\htk_project\uart\UART.c"
  87  0000              _initInt .section 'code'
  87  0000              _initInt proc
  88  0000              #line 88 "c:\users\icetz\onedrive\文件\htk_project\uart\UART.c"
  88  0000  3096        	set [22].1
  91  0001              #line 91 "c:\users\icetz\onedrive\文件\htk_project\uart\UART.c"
  91  0001  0F0A        	mov a,10
  91  0002  00B9        	mov [57],a
  92  0003              #line 92 "c:\users\icetz\onedrive\文件\htk_project\uart\UART.c"
  92  0003  3090        	set [16].1
  92  0004  3110        	set [16].2
  92  0005  3010        	set [16].0
  92  0006  0003        	ret
  92  0007              _initInt endp
  92  0007              #line 92 "c:\users\icetz\onedrive\文件\htk_project\uart\UART.c"
  92  0007              #pragma debug scope 1 1
  92  0007              ___pac equ [21]
  92  0007              public _initGPIO
  92  0007              #pragma debug scope 8 1
  95  0007              #line 95 "c:\users\icetz\onedrive\文件\htk_project\uart\UART.c"
  95  0000              _initGPIO .section 'code'
  95  0000              _initGPIO proc
  96  0000              #line 96 "c:\users\icetz\onedrive\文件\htk_project\uart\UART.c"
  96  0000  3095        	set [21].1
  96  0001  3096        	set [22].1
  96  0002  0003        	ret
  96  0003              _initGPIO endp
  96  0003              #line 96 "c:\users\icetz\onedrive\文件\htk_project\uart\UART.c"
  96  0003              #pragma debug scope 1 1
  96  0003              public _get_buff
  96  0003              #pragma debug scope 9 1
  99  0003              #line 99 "c:\users\icetz\onedrive\文件\htk_project\uart\UART.c"
  99  0000              _get_buff .section 'code'
  99  0000              _get_buff proc
  99  0000              public _get_buff_2
  99  0000  0003[           local _get_buff_2 db 3 dup(?)	; 3,0
            00
            ]
  99  0003              #pragma debug pointer 43 7 9
  99  0003              #pragma debug pointer 43 7 9
  99  0003              #pragma debug variable 43 9 _get_buff_2+0 "rbuff"
  99  0003              #pragma debug variable 7 9 _get_buff_2+2 "c"
"File: UART.c        Assembler  Version HGASM0202      Page 8

 100  0003              #line 100 "c:\users\icetz\onedrive\文件\htk_project\uart\UART.c"
 100  0000  1F00     E  	clr rb
 100  0001  1F00     E  	clr rc
 100  0002              _L17:
 103  0002              #line 103 "c:\users\icetz\onedrive\文件\htk_project\uart\UART.c"
 103  0002  B910 0001   	lsnz [272].2
 103  0004  2800     R  	jmp _L17
 104  0005              #line 104 "c:\users\icetz\onedrive\文件\htk_project\uart\UART.c"
 104  0005  8713 0001   	lmov a,[275]
 104  0007  0080     E  	mov ra,a
 107  0008              #line 107 "c:\users\icetz\onedrive\文件\htk_project\uart\UART.c"
 107  0008  0700     E  	mov a,rb
 107  0009  0300     R  	add a,_get_buff_2[0]
 107  000A  0083        	mov mp,a
 107  000B  0700     E  	mov a,rc
 107  000C  1300     R  	adc a,_get_buff_2[1]
 107  000D  0084        	mov sbp,a
 105  000E              #line 105 "c:\users\icetz\onedrive\文件\htk_project\uart\UART.c"
 105  000E  0700     E  	mov a,ra
 105  000F  0200     R  	sub a,_get_buff_2[2]
 105  0010  3D0A        	sz z
 105  0011  2800     R  	jmp _L21
 110  0012              #line 110 "c:\users\icetz\onedrive\文件\htk_project\uart\UART.c"
 110  0012  0700     E  	mov a,ra
 110  0013  0082        	mov ir,a
 111  0014              #line 111 "c:\users\icetz\onedrive\文件\htk_project\uart\UART.c"
 111  0014  1480     E  	inc rb
 111  0015  3D0A        	sz z
 111  0016  1480     E  	inc rc
 112  0017              #line 112 "c:\users\icetz\onedrive\文件\htk_project\uart\UART.c"
 112  0017  2800     R  	jmp _L17
 112  0018              _L21:
 107  0018              #line 107 "c:\users\icetz\onedrive\文件\htk_project\uart\UART.c"
 107  0018  0F0D        	mov a,13
 107  0019  0082        	mov ir,a
 113  001A              #line 113 "c:\users\icetz\onedrive\文件\htk_project\uart\UART.c"
 113  001A  0700     E  	mov a,rb
 113  001B  0080     E  	mov ra,a
 113  001C  0700     E  	mov a,rc
 113  001D  0080     E  	mov rb,a
 113  001E  0003        	ret
 113  001F              _get_buff endp
 113  001F              #line 113 "c:\users\icetz\onedrive\文件\htk_project\uart\UART.c"
 113  001F              #pragma debug scope 1 1
 113  001F              public _intToStr
 113  001F              #pragma debug scope 10 1
 117  001F              #line 117 "c:\users\icetz\onedrive\文件\htk_project\uart\UART.c"
 117  0000              _intToStr .section 'code'
 117  0000              _intToStr proc
 117  0000              public _intToStr_2
 117  0000  0014[           local _intToStr_2 db 20 dup(?)	; 4,16
            00
            ]
 117  0014              #pragma debug variable 11 10 _intToStr_2+0 "value"
 117  0014              #pragma debug pointer 44 7 10
 117  0014              #pragma debug pointer 44 7 10
 117  0014              #pragma debug variable 44 10 _intToStr_2+2 "str"
 123  0014              #line 123 "c:\users\icetz\onedrive\文件\htk_project\uart\UART.c"
 123  0000  0700     R  	mov a,_intToStr_2[0]
 123  0001  0500     R  	or a,_intToStr_2[1]
"File: UART.c        Assembler  Version HGASM0202      Page 9

 123  0002  390A        	snz z
 123  0003  2800     R  	jmp _L23
 125  0004              #line 125 "c:\users\icetz\onedrive\文件\htk_project\uart\UART.c"
 125  0004  0700     R  	mov a,_intToStr_2[2]
 125  0005  0083        	mov mp,a
 125  0006  0700     R  	mov a,_intToStr_2[3]
 125  0007  0084        	mov sbp,a
 125  0008  0F30        	mov a,48
 125  0009  0082        	mov ir,a
 126  000A              #line 126 "c:\users\icetz\onedrive\文件\htk_project\uart\UART.c"
 126  000A  0F01        	mov a,1
 126  000B  0300     R  	add a,_intToStr_2[2]
 126  000C  0083        	mov mp,a
 126  000D  0F00        	mov a,0
 126  000E  1300     R  	adc a,_intToStr_2[3]
 126  000F  0084        	mov sbp,a
 126  0010  2800     R  	jmp _L31
 126  0011              _L23:
 126  0011              #pragma debug scope 11 10
 126  0011              ;begin block, line: 126.-1
 126  0011              #pragma debug scope 12 11
 126  0011              ;begin block, line: 126.-1
 126  0011              #pragma debug array 45 7 10 12
 126  0011              #pragma debug array 45 7 10 12
 126  0011              #pragma debug variable 45 12 _intToStr_2+4 "temp"
 131  0011              #line 131 "c:\users\icetz\onedrive\文件\htk_project\uart\UART.c"
 131  0011  3800     R  	snz _intToStr_2[1].7
 131  0012  2800     R  	jmp _L30
 133  0013              #line 133 "c:\users\icetz\onedrive\文件\htk_project\uart\UART.c"
 133  0013  0700     R  	mov a,_intToStr_2[2]
 133  0014  0083        	mov mp,a
 133  0015  0700     R  	mov a,_intToStr_2[3]
 133  0016  0084        	mov sbp,a
 133  0017  0F2D        	mov a,45
 133  0018  0082        	mov ir,a
 134  0019              #line 134 "c:\users\icetz\onedrive\文件\htk_project\uart\UART.c"
 134  0019  0F00        	mov a,0
 134  001A  0280     R  	subm a,_intToStr_2[0]
 134  001B  0F00        	mov a,0
 134  001C  1280     R  	sbcm a,_intToStr_2[1]
 133  001D              #line 133 "c:\users\icetz\onedrive\文件\htk_project\uart\UART.c"
 133  001D  0F01        	mov a,1
 133  001E  0080     R  	mov _intToStr_2[14],a
 133  001F  1F00     R  	clr _intToStr_2[15]
 133  0020  2800     R  	jmp _L25
 133  0021              _L30:
 120  0021              #line 120 "c:\users\icetz\onedrive\文件\htk_project\uart\UART.c"
 120  0021  1F00     R  	clr _intToStr_2[14]
 120  0022  1F00     R  	clr _intToStr_2[15]
 120  0023              _L25:
 133  0023              #line 133 "c:\users\icetz\onedrive\文件\htk_project\uart\UART.c"
 133  0023  1F00     E  	clr rd
 133  0024  1F00     E  	clr re
 133  0025  0F00     R  	mov a,low offset _intToStr_2
 133  0026  0080     E  	mov rf,a
 133  0027  0F00     R  	mov a,high offset _intToStr_2
 133  0028  0080     E  	mov rg,a
 133  0029  0F04        	mov a,4
 133  002A  0380     E  	addm a,rf
 133  002B  0F00        	mov a,0
"File: UART.c        Assembler  Version HGASM0202      Page 10

 133  002C  1380     E  	adcm a,rg
 133  002D              _L28:
 140  002D              #line 140 "c:\users\icetz\onedrive\文件\htk_project\uart\UART.c"
 140  002D  1480     E  	inc rd
 140  002E  3D0A        	sz z
 140  002F  1480     E  	inc re
 140  0030  0700     E  	mov a,rd
 140  0031  0300     E  	add a,rf
 140  0032  0080     E  	mov rb,a
 140  0033  0700     E  	mov a,re
 140  0034  1300     E  	adc a,rg
 140  0035  0080     E  	mov rc,a
 140  0036  0700     R  	mov a,_intToStr_2[0]
 140  0037  0080     E  	mov _builtin_holtek_udivmodhi4_2[0],a
 140  0038  0700     R  	mov a,_intToStr_2[1]
 140  0039  0080     E  	mov _builtin_holtek_udivmodhi4_2[1],a
 140  003A  0F0A        	mov a,10
 140  003B  0080     E  	mov _builtin_holtek_udivmodhi4_2[2],a
 140  003C  0F00        	mov a,0
 140  003D  0080     E  	mov _builtin_holtek_udivmodhi4_2[3],a
 140  003E              	fcall _builtin_holtek_divmodhi4
 140  0045  0700     E  	mov a,_builtin_holtek_udivmodhi4_2[4]
 140  0046  0080     R  	mov _intToStr_2[16],a
 140  0047  0700     E  	mov a,_builtin_holtek_udivmodhi4_2[5]
 140  0048  0080     R  	mov _intToStr_2[17],a
 140  0049  0700     R  	mov a,_intToStr_2[16]
 140  004A  0B30        	add a,48
 140  004B  0080     E  	mov ra,a
 140  004C  0FFF        	mov a,255
 140  004D  0300     E  	add a,rb
 140  004E  0083        	mov mp,a
 140  004F  0FFF        	mov a,255
 140  0050  1300     E  	adc a,rc
 140  0051  0084        	mov sbp,a
 140  0052  0700     E  	mov a,ra
 140  0053  0082        	mov ir,a
 141  0054              #line 141 "c:\users\icetz\onedrive\文件\htk_project\uart\UART.c"
 141  0054  0700     R  	mov a,_intToStr_2[0]
 141  0055  0080     E  	mov _builtin_holtek_udivmodhi4_2[0],a
 141  0056  0700     R  	mov a,_intToStr_2[1]
 141  0057  0080     E  	mov _builtin_holtek_udivmodhi4_2[1],a
 141  0058  0F0A        	mov a,10
 141  0059  0080     E  	mov _builtin_holtek_udivmodhi4_2[2],a
 141  005A  0F00        	mov a,0
 141  005B  0080     E  	mov _builtin_holtek_udivmodhi4_2[3],a
 141  005C              	fcall _builtin_holtek_divmodhi4
 141  0063  0700     E  	mov a,_builtin_holtek_udivmodhi4_2[0]
 141  0064  0080     E  	mov rb,a
 141  0065  0700     E  	mov a,_builtin_holtek_udivmodhi4_2[1]
 141  0066  0080     E  	mov rc,a
 141  0067  0700     E  	mov a,rb
 141  0068  0080     R  	mov _intToStr_2[0],a
 141  0069  0700     E  	mov a,rc
 141  006A  0080     R  	mov _intToStr_2[1],a
 138  006B              #line 138 "c:\users\icetz\onedrive\文件\htk_project\uart\UART.c"
 138  006B  0700     E  	mov a,rb
 138  006C  0500     E  	or a,rc
 138  006D  390A        	snz z
 138  006E  2800     R  	jmp _L28
 140  006F              #line 140 "c:\users\icetz\onedrive\文件\htk_project\uart\UART.c"
"File: UART.c        Assembler  Version HGASM0202      Page 11

 140  006F  0700     E  	mov a,rd
 140  0070  0080     R  	mov _intToStr_2[18],a
 140  0071  0700     E  	mov a,re
 140  0072  0080     R  	mov _intToStr_2[19],a
 140  0073  0700     R  	mov a,_intToStr_2[14]
 140  0074  0080     E  	mov rb,a
 140  0075  0700     R  	mov a,_intToStr_2[15]
 140  0076  0080     E  	mov rc,a
 140  0077  0F00     R  	mov a,low offset _intToStr_2
 140  0078  0080     E  	mov rf,a
 140  0079  0F00     R  	mov a,high offset _intToStr_2
 140  007A  0080     E  	mov rg,a
 140  007B  0F04        	mov a,4
 140  007C  0300     E  	add a,rf
 140  007D  0080     R  	mov _intToStr_2[16],a
 140  007E  0F00        	mov a,0
 140  007F  1300     E  	adc a,rg
 140  0080  0080     R  	mov _intToStr_2[17],a
 140  0081              _L27:
 147  0081              #line 147 "c:\users\icetz\onedrive\文件\htk_project\uart\UART.c"
 147  0081  0FFF        	mov a,255
 147  0082  0380     E  	addm a,rd
 147  0083  0FFF        	mov a,255
 147  0084  1380     E  	adcm a,re
 147  0085  0700     E  	mov a,rd
 147  0086  0300     R  	add a,_intToStr_2[16]
 147  0087  0083        	mov mp,a
 147  0088  0700     E  	mov a,re
 147  0089  1300     R  	adc a,_intToStr_2[17]
 147  008A  0084        	mov sbp,a
 147  008B              	fcall _Crom2Prom
 147  0092  0080     E  	mov ra,a
 147  0093  0700     E  	mov a,rb
 147  0094  0300     R  	add a,_intToStr_2[2]
 147  0095  0083        	mov mp,a
 147  0096  0700     E  	mov a,rc
 147  0097  1300     R  	adc a,_intToStr_2[3]
 147  0098  0084        	mov sbp,a
 147  0099  0700     E  	mov a,ra
 147  009A  0082        	mov ir,a
 147  009B  1480     E  	inc rb
 147  009C  3D0A        	sz z
 147  009D  1480     E  	inc rc
 145  009E              #line 145 "c:\users\icetz\onedrive\文件\htk_project\uart\UART.c"
 145  009E  0700     E  	mov a,rd
 145  009F  0500     E  	or a,re
 145  00A0  390A        	snz z
 145  00A1  2800     R  	jmp _L27
 150  00A2              #line 150 "c:\users\icetz\onedrive\文件\htk_project\uart\UART.c"
 150  00A2  0700     R  	mov a,_intToStr_2[14]
 150  00A3  0300     R  	add a,_intToStr_2[2]
 150  00A4  0080     E  	mov rb,a
 150  00A5  0700     R  	mov a,_intToStr_2[15]
 150  00A6  1300     R  	adc a,_intToStr_2[3]
 150  00A7  0080     E  	mov rc,a
 150  00A8  0700     R  	mov a,_intToStr_2[18]
 150  00A9  0300     E  	add a,rb
 150  00AA  0083        	mov mp,a
 150  00AB  0700     R  	mov a,_intToStr_2[19]
 150  00AC  1300     E  	adc a,rc
"File: UART.c        Assembler  Version HGASM0202      Page 12

 150  00AD  0084        	mov sbp,a
 150  00AE              _L31:
 150  00AE  0F00        	mov a,0
 150  00AF  0082        	mov ir,a
 150  00B0              #pragma debug scope 11 10
 150  00B0              #pragma debug scope 10 1
 153  00B0              #line 153 "c:\users\icetz\onedrive\文件\htk_project\uart\UART.c"
 153  00B0  0700     R  	mov a,_intToStr_2[2]
 153  00B1  0080     E  	mov ra,a
 153  00B2  0700     R  	mov a,_intToStr_2[3]
 153  00B3  0080     E  	mov rb,a
 153  00B4  0003        	ret
 153  00B5              _intToStr endp
 153  00B5              #line 153 "c:\users\icetz\onedrive\文件\htk_project\uart\UART.c"
 153  00B5              #pragma debug scope 1 1
 153  0000              @crom	.section 'crom'
 153  0000              _LC0:
 153  0000              	db 049h,06eh,076h,061h,06ch,069h,064h,020h,066h,06fh
 153  0005              	db 072h,06dh,061h,074h,021h,0dh,0ah,00h
 153  0009              @crom	.section 'crom'
 153  0009              _LC1:
 153  0009              	db 041h,054h,02bh,050h,057h,04dh,03dh,00h
 153  000D              @crom	.section 'crom'
 153  000D              _LC2:
 153  000D              	db 050h,057h,04dh,020h,076h,061h,06ch,075h,065h,020h
 153  0012              	db 073h,065h,074h,021h,0dh,0ah,00h
 153  0016              @crom	.section 'crom'
 153  0016              _LC3:
 153  0016              	db 041h,054h,02bh,050h,057h,052h,03dh,00h
 153  001A              @crom	.section 'crom'
 153  001A              _LC4:
 153  001A              	db 050h,06fh,077h,065h,072h,020h,076h,061h,06ch,075h
 153  001F              	db 065h,020h,073h,065h,074h,021h,0dh,0ah,00h
 153  0023              @crom	.section 'crom'
 153  0023              _LC5:
 153  0023              	db 041h,054h,02bh,056h,045h,052h,03dh,00h
 153  0027              @crom	.section 'crom'
 153  0027              _LC6:
 153  0027              	db 056h,065h,072h,073h,069h,06fh,06eh,020h,076h,061h
 153  002C              	db 06ch,075h,065h,020h,073h,065h,074h,021h,0dh,0ah
 153  0031              	db 00h
 153  0032              @crom	.section 'crom'
 153  0032              _LC7:
 153  0032              	db 041h,054h,02bh,043h,04dh,044h,03fh,00h
 153  0036              @crom	.section 'crom'
 153  0036              _LC8:
 153  0036              	db 050h,057h,04dh,03ah,020h,00h
 153  0039              @crom	.section 'crom'
 153  0039              _LC9:
 153  0039              	db 02ch,020h,050h,057h,052h,03ah,020h,00h
 153  003D              @crom	.section 'crom'
 153  003D              _LC10:
 153  003D              	db 02ch,020h,056h,045h,052h,03ah,020h,00h
 153  0041              @crom	.section 'crom'
 153  0041              _LC11:
 153  0041              	db 0dh,0ah,00h
 153  0042              @crom	.section 'crom'
 153  0042              _LC12:
 153  0042              	db 055h,06eh,06bh,06eh,06fh,077h,06eh,020h,063h,06fh
 153  0047              	db 06dh,06dh,061h,06eh,064h,021h,0dh,0ah,00h
"File: UART.c        Assembler  Version HGASM0202      Page 13

 153  004C              public _handleATCommand
 153  004C              #pragma debug scope 13 1
 163  004C              #line 163 "c:\users\icetz\onedrive\文件\htk_project\uart\UART.c"
 163  0000              _handleATCommand .section 'code'
 163  0000              _handleATCommand proc
 163  0000              public _handleATCommand_2
 163  0000  0034[           local _handleATCommand_2 db 52 dup(?)	; 2,50
            00
            ]
 163  0034              #pragma debug pointer 46 7 13
 163  0034              #pragma debug pointer 46 7 13
 163  0034              #pragma debug variable 46 13 _handleATCommand_2+0 "cmd"
 163  0034              #pragma debug array 47 7 50 13
 163  0034              #pragma debug array 47 7 50 13
 163  0034              #pragma debug variable 47 13 _handleATCommand_2+2 "response"
 165  0034              #line 165 "c:\users\icetz\onedrive\文件\htk_project\uart\UART.c"
 165  0000  0F23        	mov a,35
 165  0001  0080     E  	mov _strchr_2[2],a
 165  0002  1F00     E  	clr _strchr_2[3]
 165  0003  0700     R  	mov a,_handleATCommand_2[0]
 165  0004  0080     E  	mov _strchr_2[0],a
 165  0005  0700     R  	mov a,_handleATCommand_2[1]
 165  0006  0080     E  	mov _strchr_2[1],a
 165  0007              	fcall _strchr
 166  000E              #line 166 "c:\users\icetz\onedrive\文件\htk_project\uart\UART.c"
 166  000E  0700     E  	mov a,ra
 166  000F  0500     E  	or a,rb
 166  0010  390A        	snz z
 166  0011  2800     R  	jmp _L33
 168  0012              #line 168 "c:\users\icetz\onedrive\文件\htk_project\uart\UART.c"
 168  0012  0F00     R  	mov a,low offset _LC0
 168  0013  0080     R  	mov _send_buff_2[0],a
 168  0014  0F00     R  	mov a,high offset _LC0
 168  0015  0080     R  	mov _send_buff_2[1],a
 168  0016  2800     R  	jmp _L40
 168  0017              _L33:
 172  0017              #line 172 "c:\users\icetz\onedrive\文件\htk_project\uart\UART.c"
 172  0017  0700     E  	mov a,ra
 172  0018  0083        	mov mp,a
 172  0019  0700     E  	mov a,rb
 172  001A  0084        	mov sbp,a
 172  001B  0F00        	mov a,0
 172  001C  0082        	mov ir,a
 174  001D              #line 174 "c:\users\icetz\onedrive\文件\htk_project\uart\UART.c"
 174  001D  0F07        	mov a,7
 174  001E  0080     E  	mov _strncmp_2[4],a
 174  001F  1F00     E  	clr _strncmp_2[5]
 174  0020  0F00     R  	mov a,low offset _LC1
 174  0021  0080     E  	mov _strncmp_2[2],a
 174  0022  0F00     R  	mov a,high offset _LC1
 174  0023  0080     E  	mov _strncmp_2[3],a
 174  0024  0700     R  	mov a,_handleATCommand_2[0]
 174  0025  0080     E  	mov _strncmp_2[0],a
 174  0026  0700     R  	mov a,_handleATCommand_2[1]
 174  0027  0080     E  	mov _strncmp_2[1],a
 174  0028              	fcall _strncmp
 174  002F  0700     E  	mov a,ra
 174  0030  0500     E  	or a,rb
 174  0031  390A        	snz z
 174  0032  2800     R  	jmp _L35
"File: UART.c        Assembler  Version HGASM0202      Page 14

 176  0033              #line 176 "c:\users\icetz\onedrive\文件\htk_project\uart\UART.c"
 176  0033  0F07        	mov a,7
 176  0034  0300     R  	add a,_handleATCommand_2[0]
 176  0035  0080     E  	mov _atoi_2[0],a
 176  0036  0F00        	mov a,0
 176  0037  1300     R  	adc a,_handleATCommand_2[1]
 176  0038  0080     E  	mov _atoi_2[1],a
 176  0039              	fcall _atoi
 176  0040  0700     E  	mov a,ra
 176  0041  0080     R  	mov _pwm_value[0],a
 177  0042              #line 177 "c:\users\icetz\onedrive\文件\htk_project\uart\UART.c"
 177  0042  0F00     R  	mov a,low offset _LC2
 177  0043  0080     R  	mov _send_buff_2[0],a
 177  0044  0F00     R  	mov a,high offset _LC2
 177  0045  0080     R  	mov _send_buff_2[1],a
 177  0046  2800     R  	jmp _L40
 177  0047              _L35:
 179  0047              #line 179 "c:\users\icetz\onedrive\文件\htk_project\uart\UART.c"
 179  0047  0F07        	mov a,7
 179  0048  0080     E  	mov _strncmp_2[4],a
 179  0049  1F00     E  	clr _strncmp_2[5]
 179  004A  0F00     R  	mov a,low offset _LC3
 179  004B  0080     E  	mov _strncmp_2[2],a
 179  004C  0F00     R  	mov a,high offset _LC3
 179  004D  0080     E  	mov _strncmp_2[3],a
 179  004E  0700     R  	mov a,_handleATCommand_2[0]
 179  004F  0080     E  	mov _strncmp_2[0],a
 179  0050  0700     R  	mov a,_handleATCommand_2[1]
 179  0051  0080     E  	mov _strncmp_2[1],a
 179  0052              	fcall _strncmp
 179  0059  0700     E  	mov a,ra
 179  005A  0500     E  	or a,rb
 179  005B  390A        	snz z
 179  005C  2800     R  	jmp _L37
 181  005D              #line 181 "c:\users\icetz\onedrive\文件\htk_project\uart\UART.c"
 181  005D  0F07        	mov a,7
 181  005E  0300     R  	add a,_handleATCommand_2[0]
 181  005F  0080     E  	mov _atoi_2[0],a
 181  0060  0F00        	mov a,0
 181  0061  1300     R  	adc a,_handleATCommand_2[1]
 181  0062  0080     E  	mov _atoi_2[1],a
 181  0063              	fcall _atoi
 181  006A  0700     E  	mov a,ra
 181  006B  0080     R  	mov _pwr_value[0],a
 181  006C  0700     E  	mov a,rb
 181  006D  0080     R  	mov _pwr_value[1],a
 182  006E              #line 182 "c:\users\icetz\onedrive\文件\htk_project\uart\UART.c"
 182  006E  0F00     R  	mov a,low offset _LC4
 182  006F  0080     R  	mov _send_buff_2[0],a
 182  0070  0F00     R  	mov a,high offset _LC4
 182  0071  0080     R  	mov _send_buff_2[1],a
 182  0072  2800     R  	jmp _L40
 182  0073              _L37:
 184  0073              #line 184 "c:\users\icetz\onedrive\文件\htk_project\uart\UART.c"
 184  0073  0F07        	mov a,7
 184  0074  0080     E  	mov _strncmp_2[4],a
 184  0075  1F00     E  	clr _strncmp_2[5]
 184  0076  0F00     R  	mov a,low offset _LC5
 184  0077  0080     E  	mov _strncmp_2[2],a
 184  0078  0F00     R  	mov a,high offset _LC5
"File: UART.c        Assembler  Version HGASM0202      Page 15

 184  0079  0080     E  	mov _strncmp_2[3],a
 184  007A  0700     R  	mov a,_handleATCommand_2[0]
 184  007B  0080     E  	mov _strncmp_2[0],a
 184  007C  0700     R  	mov a,_handleATCommand_2[1]
 184  007D  0080     E  	mov _strncmp_2[1],a
 184  007E              	fcall _strncmp
 184  0085  0700     E  	mov a,ra
 184  0086  0500     E  	or a,rb
 184  0087  390A        	snz z
 184  0088  2800     R  	jmp _L38
 186  0089              #line 186 "c:\users\icetz\onedrive\文件\htk_project\uart\UART.c"
 186  0089  0F07        	mov a,7
 186  008A  0300     R  	add a,_handleATCommand_2[0]
 186  008B  0080     E  	mov _atoi_2[0],a
 186  008C  0F00        	mov a,0
 186  008D  1300     R  	adc a,_handleATCommand_2[1]
 186  008E  0080     E  	mov _atoi_2[1],a
 186  008F              	fcall _atoi
 186  0096  0700     E  	mov a,ra
 186  0097  0080     R  	mov _ver_value[0],a
 186  0098  0700     E  	mov a,rb
 186  0099  0080     R  	mov _ver_value[1],a
 187  009A              #line 187 "c:\users\icetz\onedrive\文件\htk_project\uart\UART.c"
 187  009A  0F00     R  	mov a,low offset _LC6
 187  009B  0080     R  	mov _send_buff_2[0],a
 187  009C  0F00     R  	mov a,high offset _LC6
 187  009D  0080     R  	mov _send_buff_2[1],a
 187  009E  2800     R  	jmp _L40
 187  009F              _L38:
 189  009F              #line 189 "c:\users\icetz\onedrive\文件\htk_project\uart\UART.c"
 189  009F  0F07        	mov a,7
 189  00A0  0080     E  	mov _strncmp_2[4],a
 189  00A1  1F00     E  	clr _strncmp_2[5]
 189  00A2  0F00     R  	mov a,low offset _LC7
 189  00A3  0080     E  	mov _strncmp_2[2],a
 189  00A4  0F00     R  	mov a,high offset _LC7
 189  00A5  0080     E  	mov _strncmp_2[3],a
 189  00A6  0700     R  	mov a,_handleATCommand_2[0]
 189  00A7  0080     E  	mov _strncmp_2[0],a
 189  00A8  0700     R  	mov a,_handleATCommand_2[1]
 189  00A9  0080     E  	mov _strncmp_2[1],a
 189  00AA              	fcall _strncmp
 189  00B1  0700     E  	mov a,ra
 189  00B2  0500     E  	or a,rb
 189  00B3  390A        	snz z
 189  00B4  2800     R  	jmp _L39
 192  00B5              #line 192 "c:\users\icetz\onedrive\文件\htk_project\uart\UART.c"
 192  00B5  0F00     R  	mov a,low offset _handleATCommand_2
 192  00B6  0080     E  	mov ra,a
 192  00B7  0F00     R  	mov a,high offset _handleATCommand_2
 192  00B8  0080     E  	mov rb,a
 192  00B9  0F02        	mov a,2
 192  00BA  0300     E  	add a,ra
 192  00BB  0080     R  	mov _intToStr_2[2],a
 192  00BC  0F00        	mov a,0
 192  00BD  1300     E  	adc a,rb
 192  00BE  0080     R  	mov _intToStr_2[3],a
 192  00BF  0700     R  	mov a,_pwm_value[0]
 192  00C0  0080     R  	mov _intToStr_2[0],a
 192  00C1  1F00     R  	clr _intToStr_2[1]
"File: UART.c        Assembler  Version HGASM0202      Page 16

 192  00C2              	fcall _intToStr
 193  00C9              #line 193 "c:\users\icetz\onedrive\文件\htk_project\uart\UART.c"
 193  00C9  0F00     R  	mov a,low offset _LC8
 193  00CA  0080     R  	mov _send_buff_2[0],a
 193  00CB  0F00     R  	mov a,high offset _LC8
 193  00CC  0080     R  	mov _send_buff_2[1],a
 193  00CD              	fcall _send_buff
 194  00D4              #line 194 "c:\users\icetz\onedrive\文件\htk_project\uart\UART.c"
 194  00D4  0F00     R  	mov a,low offset _handleATCommand_2
 194  00D5  0080     E  	mov ra,a
 194  00D6  0F00     R  	mov a,high offset _handleATCommand_2
 194  00D7  0080     E  	mov rb,a
 194  00D8  0F02        	mov a,2
 194  00D9  0300     E  	add a,ra
 194  00DA  0080     R  	mov _send_buff_2[0],a
 194  00DB  0F00        	mov a,0
 194  00DC  1300     E  	adc a,rb
 194  00DD  0080     R  	mov _send_buff_2[1],a
 194  00DE              	fcall _send_buff
 196  00E5              #line 196 "c:\users\icetz\onedrive\文件\htk_project\uart\UART.c"
 196  00E5  0F00     R  	mov a,low offset _LC9
 196  00E6  0080     R  	mov _send_buff_2[0],a
 196  00E7  0F00     R  	mov a,high offset _LC9
 196  00E8  0080     R  	mov _send_buff_2[1],a
 196  00E9              	fcall _send_buff
 197  00F0              #line 197 "c:\users\icetz\onedrive\文件\htk_project\uart\UART.c"
 197  00F0  0F00     R  	mov a,low offset _handleATCommand_2
 197  00F1  0080     E  	mov ra,a
 197  00F2  0F00     R  	mov a,high offset _handleATCommand_2
 197  00F3  0080     E  	mov rb,a
 197  00F4  0F02        	mov a,2
 197  00F5  0300     E  	add a,ra
 197  00F6  0080     R  	mov _intToStr_2[2],a
 197  00F7  0F00        	mov a,0
 197  00F8  1300     E  	adc a,rb
 197  00F9  0080     R  	mov _intToStr_2[3],a
 197  00FA  0700     R  	mov a,_pwr_value[0]
 197  00FB  0080     R  	mov _intToStr_2[0],a
 197  00FC  0700     R  	mov a,_pwr_value[1]
 197  00FD  0080     R  	mov _intToStr_2[1],a
 197  00FE              	fcall _intToStr
 198  0105              #line 198 "c:\users\icetz\onedrive\文件\htk_project\uart\UART.c"
 198  0105  0F00     R  	mov a,low offset _handleATCommand_2
 198  0106  0080     E  	mov ra,a
 198  0107  0F00     R  	mov a,high offset _handleATCommand_2
 198  0108  0080     E  	mov rb,a
 198  0109  0F02        	mov a,2
 198  010A  0300     E  	add a,ra
 198  010B  0080     R  	mov _send_buff_2[0],a
 198  010C  0F00        	mov a,0
 198  010D  1300     E  	adc a,rb
 198  010E  0080     R  	mov _send_buff_2[1],a
 198  010F              	fcall _send_buff
 200  0116              #line 200 "c:\users\icetz\onedrive\文件\htk_project\uart\UART.c"
 200  0116  0F00     R  	mov a,low offset _LC10
 200  0117  0080     R  	mov _send_buff_2[0],a
 200  0118  0F00     R  	mov a,high offset _LC10
 200  0119  0080     R  	mov _send_buff_2[1],a
 200  011A              	fcall _send_buff
 201  0121              #line 201 "c:\users\icetz\onedrive\文件\htk_project\uart\UART.c"
"File: UART.c        Assembler  Version HGASM0202      Page 17

 201  0121  0F00     R  	mov a,low offset _handleATCommand_2
 201  0122  0080     E  	mov ra,a
 201  0123  0F00     R  	mov a,high offset _handleATCommand_2
 201  0124  0080     E  	mov rb,a
 201  0125  0F02        	mov a,2
 201  0126  0300     E  	add a,ra
 201  0127  0080     R  	mov _intToStr_2[2],a
 201  0128  0F00        	mov a,0
 201  0129  1300     E  	adc a,rb
 201  012A  0080     R  	mov _intToStr_2[3],a
 201  012B  0700     R  	mov a,_ver_value[0]
 201  012C  0080     R  	mov _intToStr_2[0],a
 201  012D  0700     R  	mov a,_ver_value[1]
 201  012E  0080     R  	mov _intToStr_2[1],a
 201  012F              	fcall _intToStr
 202  0136              #line 202 "c:\users\icetz\onedrive\文件\htk_project\uart\UART.c"
 202  0136  0F00     R  	mov a,low offset _handleATCommand_2
 202  0137  0080     E  	mov ra,a
 202  0138  0F00     R  	mov a,high offset _handleATCommand_2
 202  0139  0080     E  	mov rb,a
 202  013A  0F02        	mov a,2
 202  013B  0300     E  	add a,ra
 202  013C  0080     R  	mov _send_buff_2[0],a
 202  013D  0F00        	mov a,0
 202  013E  1300     E  	adc a,rb
 202  013F  0080     R  	mov _send_buff_2[1],a
 202  0140              	fcall _send_buff
 204  0147              #line 204 "c:\users\icetz\onedrive\文件\htk_project\uart\UART.c"
 204  0147  0F00     R  	mov a,low offset _LC11
 204  0148  0080     R  	mov _send_buff_2[0],a
 204  0149  0F00     R  	mov a,high offset _LC11
 204  014A  0080     R  	mov _send_buff_2[1],a
 204  014B  2800     R  	jmp _L40
 204  014C              _L39:
 208  014C              #line 208 "c:\users\icetz\onedrive\文件\htk_project\uart\UART.c"
 208  014C  0F00     R  	mov a,low offset _LC12
 208  014D  0080     R  	mov _send_buff_2[0],a
 208  014E  0F00     R  	mov a,high offset _LC12
 208  014F  0080     R  	mov _send_buff_2[1],a
 208  0150              _L40:
 208  0150              	fcall _send_buff
 208  0157  0003        	ret
 208  0158              _handleATCommand endp
 208  0158              #line 208 "c:\users\icetz\onedrive\文件\htk_project\uart\UART.c"
 208  0158              #pragma debug scope 1 1
 208  004C              @crom	.section 'crom'
 208  004C              _LC13:
 208  004C              	db 043h,075h,072h,072h,065h,06eh,074h,020h,053h,070h
 208  0051              	db 065h,065h,064h,03ah,020h,00h
 208  0054              @crom	.section 'crom'
 208  0054              _LC14:
 208  0054              	db 020h,052h,050h,04dh,0dh,0ah,00h
 208  0057              public _main
 208  0057              #pragma debug scope 14 1
 216  0057              #line 216 "c:\users\icetz\onedrive\文件\htk_project\uart\UART.c"
 216  0057              IFDEF WITH_DEFAULT_STARTUP
 216  0057              extern _main_initial0:near
 216  0057              extern _main_startup:near
 216  0057              ENDIF
 216  0057              
"File: UART.c        Assembler  Version HGASM0202      Page 18

 216  0057              ROMBANK 0 @start
 216  0000              @start .section com_l 'code'
 216  0000              _main_startup1:
 216  0000              @start .section com_e 'code'
 216  0000  0F00     R  	mov a,bank _main
 216  0001  008B        	mov bp,a
 216  0002  2800     R  	jmp _main
 216  0003              
 216  0000              _main .section 'code'
 216  0000              _main proc
 216  0000  0010[           local _main_2 db 16 dup(?)
            00
            ]
 216  0010              #pragma debug variable 14 14 _main_2+10 "one_second_mark"
 216  0010              #pragma debug variable 10 14 _main_2+14 "last_magnet_count"
 217  0010              #line 217 "c:\users\icetz\onedrive\文件\htk_project\uart\UART.c"
 217  0000              	fcall _inituart
 218  0007              #line 218 "c:\users\icetz\onedrive\文件\htk_project\uart\UART.c"
 218  0007              	fcall _initpwm
 219  000E              #line 219 "c:\users\icetz\onedrive\文件\htk_project\uart\UART.c"
 219  000E              	fcall _initInt
 221  0015              #line 221 "c:\users\icetz\onedrive\文件\htk_project\uart\UART.c"
 221  0015  1F00     R  	clr _main_2[14]
 221  0016  1F00     R  	clr _main_2[15]
 220  0017              #line 220 "c:\users\icetz\onedrive\文件\htk_project\uart\UART.c"
 220  0017  1F00     R  	clr _main_2[10]
 220  0018  1F00     R  	clr _main_2[11]
 220  0019  1F00     R  	clr _main_2[12]
 220  001A  1F00     R  	clr _main_2[13]
 220  001B              _L42:
 229  001B              #line 229 "c:\users\icetz\onedrive\文件\htk_project\uart\UART.c"
 229  001B  0F01        	mov a,1
 229  001C  0380     R  	addm a,_main_2[10]
 229  001D  0F00        	mov a,0
 229  001E  1380     R  	adcm a,_main_2[11]
 229  001F  1380     R  	adcm a,_main_2[12]
 229  0020  1380     R  	adcm a,_main_2[13]
 230  0021              #line 230 "c:\users\icetz\onedrive\文件\htk_project\uart\UART.c"
 230  0021  0FE7        	mov a,231
 230  0022  0200     R  	sub a,_main_2[10]
 230  0023  0F03        	mov a,3
 230  0024  1200     R  	sbc a,_main_2[11]
 230  0025  0F00        	mov a,0
 230  0026  1200     R  	sbc a,_main_2[12]
 230  0027  0F00        	mov a,0
 230  0028  1200     R  	sbc a,_main_2[13]
 230  0029  3C0A        	sz c
 230  002A  2800     R  	jmp _L43
 230  002B              #pragma debug scope 15 14
 230  002B              ;begin block, line: 230.-1
 230  002B              #pragma debug array 48 7 10 15
 230  002B              #pragma debug array 48 7 10 15
 230  002B              #pragma debug variable 48 15 _main_2+0 "speed_str"
 233  002B              #line 233 "c:\users\icetz\onedrive\文件\htk_project\uart\UART.c"
 233  002B  0700     R  	mov a,_magnet_count[0]
 233  002C  0080     E  	mov rb,a
 233  002D  0700     R  	mov a,_magnet_count[1]
 233  002E  0080     E  	mov rc,a
 237  002F              #line 237 "c:\users\icetz\onedrive\文件\htk_project\uart\UART.c"
 237  002F  0F00     R  	mov a,low offset _main_2
"File: UART.c        Assembler  Version HGASM0202      Page 19

 237  0030  0080     R  	mov _intToStr_2[2],a
 237  0031  0F00     R  	mov a,high offset _main_2
 237  0032  0080     R  	mov _intToStr_2[3],a
 233  0033              #line 233 "c:\users\icetz\onedrive\文件\htk_project\uart\UART.c"
 233  0033  0700     E  	mov a,rb
 233  0034  0200     R  	sub a,_main_2[14]
 233  0035  0080     E  	mov rb,a
 233  0036  0700     E  	mov a,rc
 233  0037  1200     R  	sbc a,_main_2[15]
 233  0038  0080     E  	mov rc,a
 233  0039  1B10        	rrca intc
 233  003A  3410        	clr intc.0
 233  003B  0700     E  	mov a,rb
 233  003C  00D9        	mov mduwr0,a
 233  003D  0F3C        	mov a,60
 233  003E  00DD        	mov mduwr4,a
 233  003F  0700     E  	mov a,rc
 233  0040  00DA        	mov mduwr1,a
 233  0041  0F00        	mov a,0
 233  0042  00DE        	mov mduwr5,a
 233  0043  0F06        	mov a,6
 233  0044              _LI1:
 233  0044  1785        	sdz acc
 233  0045  2800     R  	jmp _LI1
 233  0046  0759        	mov a,mduwr0
 233  0047  0080     E  	mov rb,a
 233  0048  075A        	mov a,mduwr1
 233  0049  0080     E  	mov rc,a
 233  004A  3C0A        	sz c
 233  004B  3010        	set intc.0
 237  004C              #line 237 "c:\users\icetz\onedrive\文件\htk_project\uart\UART.c"
 237  004C  1B10        	rrca intc
 237  004D  3410        	clr intc.0
 237  004E  0700     E  	mov a,rb
 237  004F  00D9        	mov mduwr0,a
 237  0050  0700     E  	mov a,rc
 237  0051  00DA        	mov mduwr1,a
 237  0052  0F0C        	mov a,12
 237  0053  00DD        	mov mduwr4,a
 237  0054  0F00        	mov a,0
 237  0055  00DE        	mov mduwr5,a
 237  0056  0F06        	mov a,6
 237  0057              _LI2:
 237  0057  1785        	sdz acc
 237  0058  2800     R  	jmp _LI2
 237  0059  0759        	mov a,mduwr0
 237  005A  0080     R  	mov _intToStr_2[0],a
 237  005B  075A        	mov a,mduwr1
 237  005C  0080     R  	mov _intToStr_2[1],a
 237  005D  3C0A        	sz c
 237  005E  3010        	set intc.0
 237  005F              	fcall _intToStr
 238  0066              #line 238 "c:\users\icetz\onedrive\文件\htk_project\uart\UART.c"
 238  0066  0F00     R  	mov a,low offset _LC13
 238  0067  0080     R  	mov _send_buff_2[0],a
 238  0068  0F00     R  	mov a,high offset _LC13
 238  0069  0080     R  	mov _send_buff_2[1],a
 238  006A              	fcall _send_buff
 239  0071              #line 239 "c:\users\icetz\onedrive\文件\htk_project\uart\UART.c"
 239  0071  0F00     R  	mov a,low offset _main_2
"File: UART.c        Assembler  Version HGASM0202      Page 20

 239  0072  0080     R  	mov _send_buff_2[0],a
 239  0073  0F00     R  	mov a,high offset _main_2
 239  0074  0080     R  	mov _send_buff_2[1],a
 239  0075              	fcall _send_buff
 240  007C              #line 240 "c:\users\icetz\onedrive\文件\htk_project\uart\UART.c"
 240  007C  0F00     R  	mov a,low offset _LC14
 240  007D  0080     R  	mov _send_buff_2[0],a
 240  007E  0F00     R  	mov a,high offset _LC14
 240  007F  0080     R  	mov _send_buff_2[1],a
 240  0080              	fcall _send_buff
 244  0087              #line 244 "c:\users\icetz\onedrive\文件\htk_project\uart\UART.c"
 244  0087  0700     R  	mov a,_magnet_count[0]
 244  0088  0080     R  	mov _main_2[14],a
 244  0089  0700     R  	mov a,_magnet_count[1]
 244  008A  0080     R  	mov _main_2[15],a
 243  008B              #line 243 "c:\users\icetz\onedrive\文件\htk_project\uart\UART.c"
 243  008B  1F00     R  	clr _main_2[10]
 243  008C  1F00     R  	clr _main_2[11]
 243  008D  1F00     R  	clr _main_2[12]
 243  008E  1F00     R  	clr _main_2[13]
 243  008F              _L43:
 243  008F              #pragma debug scope 14 1
 247  008F              #line 247 "c:\users\icetz\onedrive\文件\htk_project\uart\UART.c"
 247  008F  0F01        	mov a,1
 247  0090  0080     R  	mov _Delayms_2[0],a
 247  0091  1F00     R  	clr _Delayms_2[1]
 247  0092              	fcall _Delayms
 250  0099              #line 250 "c:\users\icetz\onedrive\文件\htk_project\uart\UART.c"
 250  0099  0700     R  	mov a,_pwr_value[0]
 250  009A  0500     R  	or a,_pwr_value[1]
 250  009B  3D0A        	sz z
 250  009C  2800     R  	jmp _L44
 251  009D              #line 251 "c:\users\icetz\onedrive\文件\htk_project\uart\UART.c"
 251  009D  0700     R  	mov a,_pwm_value[0]
 251  009E  0080     E  	mov ra,a
 251  009F  0700     E  	mov a,ra
 251  00A0  80B6 0001   	lmov [310],a
 251  00A2  0700     E  	mov a,ra
 251  00A3  80B7 0001   	lmov [311],a
 251  00A5  2800     R  	jmp _L42
 251  00A6              _L44:
 255  00A6              #line 255 "c:\users\icetz\onedrive\文件\htk_project\uart\UART.c"
 255  00A6  9F36 0001   	lclr [310]
 255  00A8  9F37 0001   	lclr [311]
 255  00AA  2800     R  	jmp _L42
 255  00AB  2800     R  	jmp $
 255  00AC              _main endp
 255  00AC              
 255  00AC              @dummy endp
 255  00AC              
 255  00AC              #line 255 "c:\users\icetz\onedrive\文件\htk_project\uart\UART.c"
 255  00AC              #pragma debug scope 1 1
 255  00AC              public _UART0
 255  00AC              #pragma debug scope 16 1
 263  00AC              #line 263 "c:\users\icetz\onedrive\文件\htk_project\uart\UART.c"
 263  00AC              rombank 0 @UART0_code
 263  0000              @UART0_code .section at 60 'code'
 263  0000  0080     E  	mov r1,a
 263  0001  070B        	mov a,bp
 263  0002  1F0B        	clr bp
"File: UART.c        Assembler  Version HGASM0202      Page 21

 263  0003  2800     R  	jmp _UART0
 263  0004              ROMBANK 0 _UART0
 263  0004              #pragma debug scope 1 1
 263  0004              @dummy60 endp
 263  0004              #pragma debug scope 17 1
 263  0000              _UART0 .section 'code'
 263  0000              _UART0 proc
 263  0000  0064[       local _UART0_2 db 100 dup(?)
            00
            ]
 263  0000  0080     E  	mov r2,a
 263  0001  070A        	mov a, status
 263  0002  0080     E  	mov r3,a
 263  0003  0703        	mov a,mp
 263  0004  0080     E  	mov r4,a
 263  0005  0704        	mov a,sbp
 263  0006  0080     E  	mov r5,a
 263  0007  0707        	mov a,tblp
 263  0008  0080     E  	mov r6,a
 263  0009  0709        	mov a,tbhp
 263  000A  0080     E  	mov r7,a
 263  000B              #pragma debug array 49 7 100 17
 263  000B              #pragma debug array 49 7 100 17
 263  000B              #pragma debug variable 49 17 _UART0_2+0 "buff"
 264  000B              #line 264 "c:\users\icetz\onedrive\文件\htk_project\uart\UART.c"
 264  000B  1F00     R  	clr _UART0_2[0]
 264  000C  1F00     R  	clr _UART0_2[1]
 264  000D  1F00     R  	clr _UART0_2[2]
 264  000E  1F00     R  	clr _UART0_2[3]
 264  000F  1F00     R  	clr _UART0_2[4]
 264  0010  1F00     R  	clr _UART0_2[5]
 264  0011  1F00     R  	clr _UART0_2[6]
 264  0012  1F00     R  	clr _UART0_2[7]
 264  0013  1F00     R  	clr _UART0_2[8]
 264  0014  1F00     R  	clr _UART0_2[9]
 264  0015  1F00     R  	clr _UART0_2[10]
 264  0016  1F00     R  	clr _UART0_2[11]
 264  0017  1F00     R  	clr _UART0_2[12]
 264  0018  1F00     R  	clr _UART0_2[13]
 264  0019  1F00     R  	clr _UART0_2[14]
 264  001A  1F00     R  	clr _UART0_2[15]
 264  001B  1F00     R  	clr _UART0_2[16]
 264  001C  1F00     R  	clr _UART0_2[17]
 264  001D  1F00     R  	clr _UART0_2[18]
 264  001E  1F00     R  	clr _UART0_2[19]
 264  001F  1F00     R  	clr _UART0_2[20]
 264  0020  1F00     R  	clr _UART0_2[21]
 264  0021  1F00     R  	clr _UART0_2[22]
 264  0022  1F00     R  	clr _UART0_2[23]
 264  0023  1F00     R  	clr _UART0_2[24]
 264  0024  1F00     R  	clr _UART0_2[25]
 264  0025  1F00     R  	clr _UART0_2[26]
 264  0026  1F00     R  	clr _UART0_2[27]
 264  0027  1F00     R  	clr _UART0_2[28]
 264  0028  1F00     R  	clr _UART0_2[29]
 264  0029  1F00     R  	clr _UART0_2[30]
 264  002A  1F00     R  	clr _UART0_2[31]
 264  002B  1F00     R  	clr _UART0_2[32]
 264  002C  1F00     R  	clr _UART0_2[33]
 264  002D  1F00     R  	clr _UART0_2[34]
"File: UART.c        Assembler  Version HGASM0202      Page 22

 264  002E  1F00     R  	clr _UART0_2[35]
 264  002F  1F00     R  	clr _UART0_2[36]
 264  0030  1F00     R  	clr _UART0_2[37]
 264  0031  1F00     R  	clr _UART0_2[38]
 264  0032  1F00     R  	clr _UART0_2[39]
 264  0033  1F00     R  	clr _UART0_2[40]
 264  0034  1F00     R  	clr _UART0_2[41]
 264  0035  1F00     R  	clr _UART0_2[42]
 264  0036  1F00     R  	clr _UART0_2[43]
 264  0037  1F00     R  	clr _UART0_2[44]
 264  0038  1F00     R  	clr _UART0_2[45]
 264  0039  1F00     R  	clr _UART0_2[46]
 264  003A  1F00     R  	clr _UART0_2[47]
 264  003B  1F00     R  	clr _UART0_2[48]
 264  003C  1F00     R  	clr _UART0_2[49]
 264  003D  1F00     R  	clr _UART0_2[50]
 264  003E  1F00     R  	clr _UART0_2[51]
 264  003F  1F00     R  	clr _UART0_2[52]
 264  0040  1F00     R  	clr _UART0_2[53]
 264  0041  1F00     R  	clr _UART0_2[54]
 264  0042  1F00     R  	clr _UART0_2[55]
 264  0043  1F00     R  	clr _UART0_2[56]
 264  0044  1F00     R  	clr _UART0_2[57]
 264  0045  1F00     R  	clr _UART0_2[58]
 264  0046  1F00     R  	clr _UART0_2[59]
 264  0047  1F00     R  	clr _UART0_2[60]
 264  0048  1F00     R  	clr _UART0_2[61]
 264  0049  1F00     R  	clr _UART0_2[62]
 264  004A  1F00     R  	clr _UART0_2[63]
 264  004B  1F00     R  	clr _UART0_2[64]
 264  004C  1F00     R  	clr _UART0_2[65]
 264  004D  1F00     R  	clr _UART0_2[66]
 264  004E  1F00     R  	clr _UART0_2[67]
 264  004F  1F00     R  	clr _UART0_2[68]
 264  0050  1F00     R  	clr _UART0_2[69]
 264  0051  1F00     R  	clr _UART0_2[70]
 264  0052  1F00     R  	clr _UART0_2[71]
 264  0053  1F00     R  	clr _UART0_2[72]
 264  0054  1F00     R  	clr _UART0_2[73]
 264  0055  1F00     R  	clr _UART0_2[74]
 264  0056  1F00     R  	clr _UART0_2[75]
 264  0057  1F00     R  	clr _UART0_2[76]
 264  0058  1F00     R  	clr _UART0_2[77]
 264  0059  1F00     R  	clr _UART0_2[78]
 264  005A  1F00     R  	clr _UART0_2[79]
 264  005B  1F00     R  	clr _UART0_2[80]
 264  005C  1F00     R  	clr _UART0_2[81]
 264  005D  1F00     R  	clr _UART0_2[82]
 264  005E  1F00     R  	clr _UART0_2[83]
 264  005F  1F00     R  	clr _UART0_2[84]
 264  0060  1F00     R  	clr _UART0_2[85]
 264  0061  1F00     R  	clr _UART0_2[86]
 264  0062  1F00     R  	clr _UART0_2[87]
 264  0063  1F00     R  	clr _UART0_2[88]
 264  0064  1F00     R  	clr _UART0_2[89]
 264  0065  1F00     R  	clr _UART0_2[90]
 264  0066  1F00     R  	clr _UART0_2[91]
 264  0067  1F00     R  	clr _UART0_2[92]
 264  0068  1F00     R  	clr _UART0_2[93]
 264  0069  1F00     R  	clr _UART0_2[94]
"File: UART.c        Assembler  Version HGASM0202      Page 23

 264  006A  1F00     R  	clr _UART0_2[95]
 264  006B  1F00     R  	clr _UART0_2[96]
 264  006C  1F00     R  	clr _UART0_2[97]
 264  006D  1F00     R  	clr _UART0_2[98]
 264  006E  1F00     R  	clr _UART0_2[99]
 265  006F              #line 265 "c:\users\icetz\onedrive\文件\htk_project\uart\UART.c"
 265  006F  0F0A        	mov a,10
 265  0070  0080     R  	mov _get_buff_2[2],a
 265  0071  0F00     R  	mov a,low offset _UART0_2
 265  0072  0080     R  	mov _get_buff_2[0],a
 265  0073  0F00     R  	mov a,high offset _UART0_2
 265  0074  0080     R  	mov _get_buff_2[1],a
 265  0075              	fcall _get_buff
 267  007C              #line 267 "c:\users\icetz\onedrive\文件\htk_project\uart\UART.c"
 267  007C  0F00     R  	mov a,low offset _UART0_2
 267  007D  0080     R  	mov _handleATCommand_2[0],a
 267  007E  0F00     R  	mov a,high offset _UART0_2
 267  007F  0080     R  	mov _handleATCommand_2[1],a
 267  0080              	fcall _handleATCommand
 269  0087              #line 269 "c:\users\icetz\onedrive\文件\htk_project\uart\UART.c"
 269  0087  3638        	clr [56].4
 269  0088  0700     E  	mov a,r2
 269  0089  008B        	mov bp,a
 269  008A  0700     E  	mov a,r3
 269  008B  008A        	mov status,a
 269  008C  0700     E  	mov a,r4
 269  008D  0083        	mov mp,a
 269  008E  0700     E  	mov a,r5
 269  008F  0084        	mov sbp,a
 269  0090  0700     E  	mov a,r6
 269  0091  0087        	mov tblp,a
 269  0092  0700     E  	mov a,r7
 269  0093  0089        	mov tbhp,a
 269  0094  1D05        	tabrdc acc
 269  0095  0700     E  	mov a,r1
 269  0096  0004        	reti
 269  0097              _UART0 endp
 269  0097              
 269  0097              #line 269 "c:\users\icetz\onedrive\文件\htk_project\uart\UART.c"
 269  0097              #pragma debug scope 1 1
 269  0097              public _ISR_Int0
 269  0097              #pragma debug scope 18 1
 273  0097              #line 273 "c:\users\icetz\onedrive\文件\htk_project\uart\UART.c"
 273  0097              rombank 0 @ISR_Int0_code
 273  0000              @ISR_Int0_code .section at 4 'code'
 273  0000  0080     E  	mov r1,a
 273  0001  070B        	mov a,bp
 273  0002  1F0B        	clr bp
 273  0003  2800     R  	jmp _ISR_Int0
 273  0004              ROMBANK 0 _ISR_Int0
 273  0004              #pragma debug scope 1 1
 273  0004              @dummy4 endp
 273  0004              #pragma debug scope 19 1
 273  0000              _ISR_Int0 .section 'code'
 273  0000              _ISR_Int0 proc
 273  0000  0080     E  	mov r2,a
 273  0001  070A        	mov a, status
 273  0002  0080     E  	mov r3,a
 273  0003  0703        	mov a,mp
 273  0004  0080     E  	mov r4,a
"File: UART.c        Assembler  Version HGASM0202      Page 24

 273  0005  0704        	mov a,sbp
 273  0006  0080     E  	mov r5,a
 273  0007  0707        	mov a,tblp
 273  0008  0080     E  	mov r6,a
 273  0009  0709        	mov a,tbhp
 273  000A  0080     E  	mov r7,a
 275  000B              #line 275 "c:\users\icetz\onedrive\文件\htk_project\uart\UART.c"
 275  000B  3490        	clr [16].1
 276  000C              #line 276 "c:\users\icetz\onedrive\文件\htk_project\uart\UART.c"
 276  000C  3010        	set [16].0
 278  000D              #line 278 "c:\users\icetz\onedrive\文件\htk_project\uart\UART.c"
 278  000D  0F41        	mov a,65
 278  000E              	fcall _send_char
 279  0015              #line 279 "c:\users\icetz\onedrive\文件\htk_project\uart\UART.c"
 279  0015  3610        	clr [16].4
 280  0016              #line 280 "c:\users\icetz\onedrive\文件\htk_project\uart\UART.c"
 280  0016  3090        	set [16].1
 280  0017  0700     E  	mov a,r2
 280  0018  008B        	mov bp,a
 280  0019  0700     E  	mov a,r3
 280  001A  008A        	mov status,a
 280  001B  0700     E  	mov a,r4
 280  001C  0083        	mov mp,a
 280  001D  0700     E  	mov a,r5
 280  001E  0084        	mov sbp,a
 280  001F  0700     E  	mov a,r6
 280  0020  0087        	mov tblp,a
 280  0021  0700     E  	mov a,r7
 280  0022  0089        	mov tbhp,a
 280  0023  1D05        	tabrdc acc
 280  0024  0700     E  	mov a,r1
 280  0025  0004        	reti
 280  0026              _ISR_Int0 endp
 280  0026              
 280  0026              #line 280 "c:\users\icetz\onedrive\文件\htk_project\uart\UART.c"
 280  0026              #pragma debug scope 1 1
 280  0026              public _ISR_Int1
 280  0026              #pragma debug scope 20 1
 284  0026              #line 284 "c:\users\icetz\onedrive\文件\htk_project\uart\UART.c"
 284  0026              rombank 0 @ISR_Int1_code
 284  0000              @ISR_Int1_code .section at 8 'code'
 284  0000  0080     E  	mov r1,a
 284  0001  070B        	mov a,bp
 284  0002  1F0B        	clr bp
 284  0003  2800     R  	jmp _ISR_Int1
 284  0004              ROMBANK 0 _ISR_Int1
 284  0004              #pragma debug scope 1 1
 284  0004              @dummy8 endp
 284  0004              #pragma debug scope 21 1
 284  0000              _ISR_Int1 .section 'code'
 284  0000              _ISR_Int1 proc
 284  0000  0080     E  	mov r2,a
 284  0001  070A        	mov a, status
 284  0002  0080     E  	mov r3,a
 285  0003              #line 285 "c:\users\icetz\onedrive\文件\htk_project\uart\UART.c"
 285  0003  3510        	clr [16].2
 286  0004              #line 286 "c:\users\icetz\onedrive\文件\htk_project\uart\UART.c"
 286  0004  3010        	set [16].0
 290  0005              #line 290 "c:\users\icetz\onedrive\文件\htk_project\uart\UART.c"
 290  0005  1480     R  	inc _magnet_count[0]
"File: UART.c        Assembler  Version HGASM0202      Page 25

 290  0006  3D0A        	sz z
 290  0007  1480     R  	inc _magnet_count[1]
 291  0008              #line 291 "c:\users\icetz\onedrive\文件\htk_project\uart\UART.c"
 291  0008  3690        	clr [16].5
 292  0009              #line 292 "c:\users\icetz\onedrive\文件\htk_project\uart\UART.c"
 292  0009  3110        	set [16].2
 292  000A  0700     E  	mov a,r2
 292  000B  008B        	mov bp,a
 292  000C  0700     E  	mov a,r3
 292  000D  008A        	mov status,a
 292  000E  0700     E  	mov a,r1
 292  000F  0004        	reti
 292  0010              _ISR_Int1 endp
 292  0010              
 292  0010              #line 292 "c:\users\icetz\onedrive\文件\htk_project\uart\UART.c"
 292  0010              #pragma debug scope 1 1
 292  0010              public _magnet_count
 292  0000              @HCCINIT	.section 'data'
  32  0000              #line 32 "c:\users\icetz\onedrive\文件\htk_project\uart\UART.c"
  32  0000              @HCCINIT_magnet_count .section 'data'
  32  0000              _magnet_count label byte
  32  0000              #pragma debug variable 10 1 _magnet_count "magnet_count"
  32  0000              	db 0
  32  0000              @ROMDATA_BASE .section inpage 'code'
  32  0000              	db 0
  32  0001              @HCCINIT_magnet_count .section 'data'
  32  0001              	db 0
  32  0001              @ROMDATA_BASE .section inpage 'code'
  32  0001              	db 0
  32  0002              @HCCINIT_magnet_count .section 'data'
  32  0002              public _ver_value
  20  0002              #line 20 "c:\users\icetz\onedrive\文件\htk_project\uart\UART.c"
  20  0000              @HCCINIT_ver_value .section 'data'
  20  0000              _ver_value label byte
  20  0000              #pragma debug variable 10 1 _ver_value "ver_value"
  20  0000              	db 0
  20  0001              @ROMDATA_BASE .section inpage 'code'
  20  0001              	db 0
  20  0001              @HCCINIT_ver_value .section 'data'
  20  0001              	db 0
  20  0002              @ROMDATA_BASE .section inpage 'code'
  20  0002              	db 0
  20  0002              @HCCINIT_ver_value .section 'data'
  20  0002              public _pwr_value
  19  0002              #line 19 "c:\users\icetz\onedrive\文件\htk_project\uart\UART.c"
  19  0000              @HCCINIT_pwr_value .section 'data'
  19  0000              _pwr_value label byte
  19  0000              #pragma debug variable 10 1 _pwr_value "pwr_value"
  19  0000              	dw 1
  19  0002              @ROMDATA_BASE .section inpage 'code'
  19  0002  0001        	dc 1
  19  0002              @HCCINIT_pwr_value .section 'data'
  19  0002              public _pwm_value
  18  0002              #line 18 "c:\users\icetz\onedrive\文件\htk_project\uart\UART.c"
  18  0000              @HCCINIT_pwm_value .section 'data'
  18  0000              _pwm_value label byte
  18  0000              #pragma debug variable 8 1 _pwm_value "pwm_value"
  18  0000              	db 100
  18  0003              @ROMDATA_BASE .section inpage 'code'
  18  0003              	db 100
"File: UART.c        Assembler  Version HGASM0202      Page 26

  18  0001              @HCCINIT_pwm_value .section 'data'
  18  0001              #pragma debug struct_end
  18  0001              #pragma debug struct_end
  18  0001              #pragma debug union_end
  18  0001              #pragma debug union_end
  18  0001              #pragma debug variable 51 1 ___intc0 "__intc0" 1
  18  0001              #pragma debug struct_end
  18  0001              #pragma debug struct_end
  18  0001              #pragma debug union_end
  18  0001              #pragma debug union_end
  18  0001              #pragma debug variable 53 1 ___intc3 "__intc3" 1
  18  0001              #pragma debug struct_end
  18  0001              #pragma debug struct_end
  18  0001              #pragma debug union_end
  18  0001              #pragma debug union_end
  18  0001              #pragma debug variable 55 1 ___pac "__pac" 1
  18  0001              #pragma debug struct_end
  18  0001              #pragma debug struct_end
  18  0001              #pragma debug union_end
  18  0001              #pragma debug union_end
  18  0001              #pragma debug variable 57 1 ___papu "__papu" 1
  18  0001              #pragma debug struct_end
  18  0001              #pragma debug struct_end
  18  0001              #pragma debug union_end
  18  0001              #pragma debug union_end
  18  0001              #pragma debug variable 59 1 ___mfi5 "__mfi5" 1
  18  0001              #pragma debug struct_end
  18  0001              #pragma debug struct_end
  18  0001              #pragma debug union_end
  18  0001              #pragma debug union_end
  18  0001              #pragma debug variable 61 1 ___integ "__integ" 1
  18  0001              #pragma debug struct_end
  18  0001              #pragma debug struct_end
  18  0001              #pragma debug union_end
  18  0001              #pragma debug union_end
  18  0001              #pragma debug variable 63 1 ___wdtc "__wdtc" 1
  18  0001              #pragma debug struct_end
  18  0001              #pragma debug struct_end
  18  0001              #pragma debug union_end
  18  0001              #pragma debug union_end
  18  0001              #pragma debug variable 65 1 ___u0sr "__u0sr" 1
  18  0001              #pragma debug struct_end
  18  0001              #pragma debug struct_end
  18  0001              #pragma debug union_end
  18  0001              #pragma debug union_end
  18  0001              #pragma debug variable 67 1 ___u0cr1 "__u0cr1" 1
  18  0001              #pragma debug struct_end
  18  0001              #pragma debug struct_end
  18  0001              #pragma debug union_end
  18  0001              #pragma debug union_end
  18  0001              #pragma debug variable 69 1 ___u0cr2 "__u0cr2" 1
  18  0001              #pragma debug variable 8 1 ___txr_rxr0 "__txr_rxr0" 1
  18  0001              #pragma debug variable 8 1 ___brg0 "__brg0" 1
  18  0001              #pragma debug struct_end
  18  0001              #pragma debug struct_end
  18  0001              #pragma debug union_end
  18  0001              #pragma debug union_end
  18  0001              #pragma debug variable 71 1 ___ptm2c0 "__ptm2c0" 1
  18  0001              #pragma debug struct_end
  18  0001              #pragma debug struct_end
"File: UART.c        Assembler  Version HGASM0202      Page 27

  18  0001              #pragma debug union_end
  18  0001              #pragma debug union_end
  18  0001              #pragma debug variable 73 1 ___ptm2c1 "__ptm2c1" 1
  18  0001              #pragma debug variable 8 1 ___ptm2al "__ptm2al" 1
  18  0001              #pragma debug variable 8 1 ___ptm2ah "__ptm2ah" 1
  18  0001              #pragma debug struct_end
  18  0001              #pragma debug struct_end
  18  0001              #pragma debug union_end
  18  0001              #pragma debug union_end
  18  0001              #pragma debug variable 75 1 ___ptm2rpl "__ptm2rpl" 1
  18  0001              #pragma debug struct_end
  18  0001              #pragma debug struct_end
  18  0001              #pragma debug union_end
  18  0001              #pragma debug union_end
  18  0001              #pragma debug variable 77 1 ___ptm2rph "__ptm2rph" 1
  18  0001              #pragma debug struct_end
  18  0001              #pragma debug struct_end
  18  0001              #pragma debug union_end
  18  0001              #pragma debug union_end
  18  0001              #pragma debug variable 79 1 ___ptm3c0 "__ptm3c0" 1
  18  0001              #pragma debug struct_end
  18  0001              #pragma debug struct_end
  18  0001              #pragma debug union_end
  18  0001              #pragma debug union_end
  18  0001              #pragma debug variable 81 1 ___ptm3c1 "__ptm3c1" 1
  18  0001              #pragma debug variable 8 1 ___ptm3al "__ptm3al" 1
  18  0001              #pragma debug variable 8 1 ___ptm3ah "__ptm3ah" 1
  18  0001              #pragma debug struct_end
  18  0001              #pragma debug struct_end
  18  0001              #pragma debug union_end
  18  0001              #pragma debug union_end
  18  0001              #pragma debug variable 83 1 ___ptm3rpl "__ptm3rpl" 1
  18  0001              #pragma debug struct_end
  18  0001              #pragma debug struct_end
  18  0001              #pragma debug union_end
  18  0001              #pragma debug union_end
  18  0001              #pragma debug variable 85 1 ___ptm3rph "__ptm3rph" 1
  18  0001              #pragma debug struct_end
  18  0001              #pragma debug struct_end
  18  0001              #pragma debug union_end
  18  0001              #pragma debug union_end
  18  0001              #pragma debug variable 87 1 ___stm1c0 "__stm1c0" 1
  18  0001              #pragma debug struct_end
  18  0001              #pragma debug struct_end
  18  0001              #pragma debug union_end
  18  0001              #pragma debug union_end
  18  0001              #pragma debug variable 89 1 ___stm1c1 "__stm1c1" 1
  18  0001              #pragma debug variable 8 1 ___stm1al "__stm1al" 1
  18  0001              #pragma debug variable 8 1 ___stm1ah "__stm1ah" 1
  18  0001              #pragma debug struct_end
  18  0001              #pragma debug struct_end
  18  0001              #pragma debug union_end
  18  0001              #pragma debug union_end
  18  0001              #pragma debug variable 91 1 ___stm1rp "__stm1rp" 1
  18  0001              #pragma debug struct_end
  18  0001              #pragma debug struct_end
  18  0001              #pragma debug union_end
  18  0001              #pragma debug union_end
  18  0001              #pragma debug variable 93 1 ___pas1 "__pas1" 1
  18  0001              #pragma debug struct_end
"File: UART.c        Assembler  Version HGASM0202      Page 28

  18  0001              #pragma debug struct_end
  18  0001              #pragma debug union_end
  18  0001              #pragma debug union_end
  18  0001              #pragma debug variable 95 1 ___pds0 "__pds0" 1
  18  0001              #pragma debug struct_end
  18  0001              #pragma debug struct_end
  18  0001              #pragma debug union_end
  18  0001              #pragma debug union_end
  18  0001              #pragma debug variable 97 1 ___pds1 "__pds1" 1
  18  0001              extern r1:byte
  18  0001              extern r2:byte
  18  0001              extern r3:byte
  18  0001              extern r4:byte
  18  0001              extern r5:byte
  18  0001              extern r6:byte
  18  0001              extern r7:byte
 216  0001              #line 216 "c:\users\icetz\onedrive\文件\htk_project\uart\UART.c"
 216  0000              @code .section at 0 'code'
 216  0000  1F0B        	clr bp
 216  0001  2800     R  	jmp _main_startup1
 216  0002              
 216  0002              extern _builtin_holtek_divmodhi4:near
 216  0002              extern _builtin_holtek_udivmodhi4_2:byte
 216  0002              extern _builtin_holtek_udivmodhi4:near
 216  0002              extern _strchr_2:byte
 216  0002              extern _strchr:near
 216  0002              extern _strncmp_2:byte
 216  0002              extern _strncmp:near
 216  0002              extern _atoi_2:byte
 216  0002              extern _atoi:near
 216  0002              
 216  0002              ; 
 216  0002              ; Generated by holtek-gcc v3.19, Wed Nov 08 14:06:56 2023
 216  0002              ; Rebuild 718
 216  0002              ; end of file


        0 Errors, 0